[35m[1mConsolidate compiler generated dependencies of target Wheels_odom_tf2_broadcaster[0m
[ 50%] [32mBuilding CXX object CMakeFiles/Wheels_odom_tf2_broadcaster.dir/src/Wheels_odom_tf2_broadcaster.cpp.o[0m
[01m[K/home/antonio/antonio_ws/Antonio/antonio_description/src/Wheels_odom_tf2_broadcaster.cpp:[m[K In member function â€˜[01m[Kvoid FramePublisher::handle_pose(std::shared_ptr<geometry_msgs::msg::Pose_<std::allocator<void> > >)[m[Kâ€™:
[01m[K/home/antonio/antonio_ws/Antonio/antonio_description/src/Wheels_odom_tf2_broadcaster.cpp:63:37:[m[K [01;31m[Kerror: [m[Kâ€˜[01m[Kconst class std::shared_ptr<geometry_msgs::msg::Pose_<std::allocator<void> > >[m[Kâ€™ has no member named â€˜[01m[Kposition[m[Kâ€™
   63 |     t.transform.translation.x = msg.[01;31m[Kposition[m[K.x;
      |                                     [01;31m[K^~~~~~~~[m[K
[01m[K/home/antonio/antonio_ws/Antonio/antonio_description/src/Wheels_odom_tf2_broadcaster.cpp:64:38:[m[K [01;31m[Kerror: [m[Kâ€˜[01m[Kusing element_type = struct geometry_msgs::msg::Pose_<std::allocator<void> >[m[Kâ€™ {aka â€˜[01m[Kstruct geometry_msgs::msg::Pose_<std::allocator<void> >[m[Kâ€™} has no member named â€˜[01m[Ky[m[Kâ€™
   64 |     t.transform.translation.y = msg->[01;31m[Ky[m[K;
      |                                      [01;31m[K^[m[K
[01m[K/home/antonio/antonio_ws/Antonio/antonio_description/src/Wheels_odom_tf2_broadcaster.cpp:71:25:[m[K [01;31m[Kerror: [m[Kâ€˜[01m[Kusing element_type = struct geometry_msgs::msg::Pose_<std::allocator<void> >[m[Kâ€™ {aka â€˜[01m[Kstruct geometry_msgs::msg::Pose_<std::allocator<void> >[m[Kâ€™} has no member named â€˜[01m[Ktheta[m[Kâ€™
   71 |     q.setRPY(0, 0, msg->[01;31m[Ktheta[m[K);
      |                         [01;31m[K^~~~~[m[K
gmake[2]: *** [CMakeFiles/Wheels_odom_tf2_broadcaster.dir/build.make:76: CMakeFiles/Wheels_odom_tf2_broadcaster.dir/src/Wheels_odom_tf2_broadcaster.cpp.o] Error 1
gmake[1]: *** [CMakeFiles/Makefile2:137: CMakeFiles/Wheels_odom_tf2_broadcaster.dir/all] Error 2
gmake: *** [Makefile:146: all] Error 2
